[22:35:03] [ServerMain/INFO]: [bootstrap] Running Java 21 (OpenJDK 64-Bit Server VM 21.0.6+7-LTS; Eclipse Adoptium Temurin-21.0.6+7) on Windows 11 10.0 (amd64)
[22:35:03] [ServerMain/INFO]: [bootstrap] Loading Paper 1.21.1-133-ver/1.21.1@3cb8529 (2025-03-28T16:14:36Z) for Minecraft 1.21.1
[22:35:03] [ServerMain/INFO]: [PluginInitializerManager] Initializing plugins...
[22:35:04] [Paper Plugin Remapper Thread - 0/INFO]: [ReobfServer] Remapping server...
[22:35:08] [Paper Plugin Remapper Thread - 0/INFO]: [ReobfServer] Done remapping server in 3995ms.
[22:35:08] [Paper Plugin Remapper Thread - 0/INFO]: [PluginRemapper] Remapping plugin 'plugins\ServerEssentials-2.0.7.9.jar'...
[22:35:09] [Paper Plugin Remapper Thread - 0/INFO]: [PluginRemapper] Done remapping plugin 'plugins\ServerEssentials-2.0.7.9.jar' in 552ms.
[22:35:09] [ServerMain/INFO]: [PluginInitializerManager] Initialized 1 plugin
[22:35:09] [ServerMain/INFO]: [PluginInitializerManager] Bukkit plugins (1):
 - ServerEssentials (2.0.7.9)
[22:35:13] [ServerMain/INFO]: Environment: Environment[sessionHost=https://sessionserver.mojang.com, servicesHost=https://api.minecraftservices.com, name=PROD]
[22:35:13] [ServerMain/INFO]: Found new data pack file/bukkit, loading it automatically
[22:35:13] [ServerMain/INFO]: Found new data pack paper, loading it automatically
[22:35:14] [ServerMain/INFO]: No existing world data, creating new world
[22:35:14] [ServerMain/INFO]: Loaded 1290 recipes
[22:35:15] [ServerMain/INFO]: Loaded 1399 advancements
[22:35:15] [Server thread/INFO]: Starting minecraft server version 1.21.1
[22:35:15] [Server thread/INFO]: Loading properties
[22:35:15] [Server thread/INFO]: This server is running Paper version 1.21.1-133-ver/1.21.1@3cb8529 (2025-03-28T16:14:36Z) (Implementing API version 1.21.1-R0.1-SNAPSHOT)
[22:35:16] [Server thread/INFO]: [spark] This server bundles the spark profiler. For more information please visit https://docs.papermc.io/paper/profiling
[22:35:16] [Server thread/INFO]: Server Ping Player Sample Count: 12
[22:35:16] [Server thread/INFO]: Using 4 threads for Netty based IO
[22:35:17] [Server thread/INFO]: [ChunkTaskScheduler] Chunk system is using 1 I/O threads, 3 worker threads, and population gen parallelism of 3 threads
[22:35:17] [Server thread/INFO]: Default game type: SURVIVAL
[22:35:17] [Server thread/INFO]: Generating keypair
[22:35:17] [Server thread/INFO]: Starting Minecraft server on *:25565
[22:35:17] [Server thread/INFO]: Using default channel type
[22:35:17] [Server thread/INFO]: Paper: Using Java compression from Velocity.
[22:35:17] [Server thread/INFO]: Paper: Using Java cipher from Velocity.
[22:35:18] [Server thread/INFO]: [ServerEssentials] Loading server plugin ServerEssentials v2.0.7.9
[22:35:18] [Server thread/WARN]: **** SERVER IS RUNNING IN OFFLINE/INSECURE MODE!
[22:35:18] [Server thread/WARN]: The server will make no attempt to authenticate usernames. Beware.
[22:35:18] [Server thread/WARN]: While this makes the game possible to play without internet access, it also opens up the ability for hackers to connect with any username they choose.
[22:35:18] [Server thread/WARN]: To change this, set "online-mode" to "true" in the server.properties file.
[22:35:18] [Server thread/INFO]: Preparing level "world"
[22:35:23] [Server thread/INFO]: Preparing start region for dimension minecraft:overworld
[22:35:25] [Server thread/INFO]: Time elapsed: 2328 ms
[22:35:25] [Server thread/INFO]: Preparing start region for dimension minecraft:the_nether
[22:35:27] [Server thread/INFO]: Time elapsed: 1210 ms
[22:35:27] [Server thread/INFO]: Preparing start region for dimension minecraft:the_end
[22:35:27] [Server thread/INFO]: Time elapsed: 276 ms
[22:35:27] [Server thread/INFO]: [ServerEssentials] Enabling ServerEssentials v2.0.7.9
[22:35:27] [Server thread/INFO]: [ServerEssentials] Loaded language: en (27 keys)
[22:35:27] [Server thread/INFO]: [ServerEssentials] Initializing database pool: rtp (SQLITE)
[22:35:27] [Server thread/INFO]: [ServerEssentials] SQLite path: C:\Users\millm\IdeaProjects\ServerEssentials\run\server\paper\plugins\ServerEssentials/rtp.db
[22:35:27] [Server thread/INFO]: [com.zaxxer.hikari.HikariDataSource] HikariPool-1 - Starting...
[22:35:27] [Server thread/INFO]: [com.zaxxer.hikari.pool.HikariPool] HikariPool-1 - Added connection org.sqlite.jdbc4.JDBC4Connection@458c663e
[22:35:27] [Server thread/INFO]: [com.zaxxer.hikari.HikariDataSource] HikariPool-1 - Start completed.
[22:35:27] [Server thread/INFO]: [ServerEssentials] Initializing database pool: playerdata (SQLITE)
[22:35:27] [Server thread/INFO]: [ServerEssentials] SQLite path: C:\Users\millm\IdeaProjects\ServerEssentials\run\server\paper\plugins\ServerEssentials/playerdata.db
[22:35:27] [Server thread/INFO]: [com.zaxxer.hikari.HikariDataSource] HikariPool-2 - Starting...
[22:35:27] [Server thread/INFO]: [com.zaxxer.hikari.pool.HikariPool] HikariPool-2 - Added connection org.sqlite.jdbc4.JDBC4Connection@5c22d1a9
[22:35:27] [Server thread/INFO]: [com.zaxxer.hikari.HikariDataSource] HikariPool-2 - Start completed.
[22:35:27] [Server thread/INFO]: [ServerEssentials] Initializing database pool: kits (SQLITE)
[22:35:27] [Server thread/INFO]: [ServerEssentials] SQLite path: C:\Users\millm\IdeaProjects\ServerEssentials\run\server\paper\plugins\ServerEssentials/kits.db
[22:35:27] [Server thread/INFO]: [com.zaxxer.hikari.HikariDataSource] HikariPool-3 - Starting...
[22:35:27] [Server thread/INFO]: [com.zaxxer.hikari.pool.HikariPool] HikariPool-3 - Added connection org.sqlite.jdbc4.JDBC4Connection@6520b6d
[22:35:27] [Server thread/INFO]: [com.zaxxer.hikari.HikariDataSource] HikariPool-3 - Start completed.
[22:35:27] [Server thread/INFO]: [ServerEssentials] Initializing database pool: nicks (SQLITE)
[22:35:27] [Server thread/INFO]: [ServerEssentials] SQLite path: C:\Users\millm\IdeaProjects\ServerEssentials\run\server\paper\plugins\ServerEssentials/nicks.db
[22:35:27] [Server thread/INFO]: [com.zaxxer.hikari.HikariDataSource] HikariPool-4 - Starting...
[22:35:27] [Server thread/INFO]: [com.zaxxer.hikari.pool.HikariPool] HikariPool-4 - Added connection org.sqlite.jdbc4.JDBC4Connection@ce8bd3b
[22:35:27] [Server thread/INFO]: [com.zaxxer.hikari.HikariDataSource] HikariPool-4 - Start completed.
[22:35:27] [Server thread/INFO]: [ServerEssentials] Initializing database pool: warps (SQLITE)
[22:35:27] [Server thread/INFO]: [ServerEssentials] SQLite path: C:\Users\millm\IdeaProjects\ServerEssentials\run\server\paper\plugins\ServerEssentials/warps.db
[22:35:27] [Server thread/INFO]: [com.zaxxer.hikari.HikariDataSource] HikariPool-5 - Starting...
[22:35:27] [Server thread/INFO]: [com.zaxxer.hikari.pool.HikariPool] HikariPool-5 - Added connection org.sqlite.jdbc4.JDBC4Connection@58e93357
[22:35:27] [Server thread/INFO]: [com.zaxxer.hikari.HikariDataSource] HikariPool-5 - Start completed.
[22:35:27] [Server thread/INFO]: [ServerEssentials] Initializing database pool: vaults (SQLITE)
[22:35:27] [Server thread/INFO]: [ServerEssentials] SQLite path: C:\Users\millm\IdeaProjects\ServerEssentials\run\server\paper\plugins\ServerEssentials/vaults.db
[22:35:27] [Server thread/INFO]: [com.zaxxer.hikari.HikariDataSource] HikariPool-6 - Starting...
[22:35:27] [Server thread/INFO]: [com.zaxxer.hikari.pool.HikariPool] HikariPool-6 - Added connection org.sqlite.jdbc4.JDBC4Connection@42230a03
[22:35:27] [Server thread/INFO]: [com.zaxxer.hikari.HikariDataSource] HikariPool-6 - Start completed.
[22:35:27] [Server thread/INFO]: [ServerEssentials] Initializing database pool: bans (SQLITE)
[22:35:27] [Server thread/INFO]: [ServerEssentials] SQLite path: C:\Users\millm\IdeaProjects\ServerEssentials\run\server\paper\plugins\ServerEssentials/bans.db
[22:35:27] [Server thread/INFO]: [com.zaxxer.hikari.HikariDataSource] HikariPool-7 - Starting...
[22:35:27] [Server thread/INFO]: [com.zaxxer.hikari.pool.HikariPool] HikariPool-7 - Added connection org.sqlite.jdbc4.JDBC4Connection@6d9dc325
[22:35:27] [Server thread/INFO]: [com.zaxxer.hikari.HikariDataSource] HikariPool-7 - Start completed.
[22:35:27] [Server thread/INFO]: [ServerEssentials] Initializing database pool: mutes (SQLITE)
[22:35:27] [Server thread/INFO]: [ServerEssentials] SQLite path: C:\Users\millm\IdeaProjects\ServerEssentials\run\server\paper\plugins\ServerEssentials/mutes.db
[22:35:27] [Server thread/INFO]: [com.zaxxer.hikari.HikariDataSource] HikariPool-8 - Starting...
[22:35:27] [Server thread/INFO]: [com.zaxxer.hikari.pool.HikariPool] HikariPool-8 - Added connection org.sqlite.jdbc4.JDBC4Connection@1aa61daa
[22:35:27] [Server thread/INFO]: [com.zaxxer.hikari.HikariDataSource] HikariPool-8 - Start completed.
[22:35:27] [Server thread/INFO]: [ServerEssentials] Initializing database pool: lobby (SQLITE)
[22:35:27] [Server thread/INFO]: [ServerEssentials] SQLite path: C:\Users\millm\IdeaProjects\ServerEssentials\run\server\paper\plugins\ServerEssentials/lobby.db
[22:35:27] [Server thread/INFO]: [com.zaxxer.hikari.HikariDataSource] HikariPool-9 - Starting...
[22:35:27] [Server thread/INFO]: [com.zaxxer.hikari.pool.HikariPool] HikariPool-9 - Added connection org.sqlite.jdbc4.JDBC4Connection@3e8c38f5
[22:35:27] [Server thread/INFO]: [com.zaxxer.hikari.HikariDataSource] HikariPool-9 - Start completed.
[22:35:27] [Server thread/INFO]: [ServerEssentials] Initializing database pool: homes (SQLITE)
[22:35:27] [Server thread/INFO]: [ServerEssentials] SQLite path: C:\Users\millm\IdeaProjects\ServerEssentials\run\server\paper\plugins\ServerEssentials/homes.db
[22:35:27] [Server thread/INFO]: [com.zaxxer.hikari.HikariDataSource] HikariPool-10 - Starting...
[22:35:27] [Server thread/INFO]: [com.zaxxer.hikari.pool.HikariPool] HikariPool-10 - Added connection org.sqlite.jdbc4.JDBC4Connection@4ab2bb77
[22:35:27] [Server thread/INFO]: [com.zaxxer.hikari.HikariDataSource] HikariPool-10 - Start completed.
[22:35:27] [Server thread/INFO]: [ServerEssentials] Initializing database pool: auction (SQLITE)
[22:35:27] [Server thread/INFO]: [ServerEssentials] SQLite path: C:\Users\millm\IdeaProjects\ServerEssentials\run\server\paper\plugins\ServerEssentials/auction.db
[22:35:27] [Server thread/INFO]: [com.zaxxer.hikari.HikariDataSource] HikariPool-11 - Starting...
[22:35:27] [Server thread/INFO]: [com.zaxxer.hikari.pool.HikariPool] HikariPool-11 - Added connection org.sqlite.jdbc4.JDBC4Connection@246dcff
[22:35:27] [Server thread/INFO]: [com.zaxxer.hikari.HikariDataSource] HikariPool-11 - Start completed.
[22:35:27] [Server thread/INFO]: [ServerEssentials] Initializing database pool: scoreboard (SQLITE)
[22:35:27] [Server thread/INFO]: [ServerEssentials] SQLite path: C:\Users\millm\IdeaProjects\ServerEssentials\run\server\paper\plugins\ServerEssentials/scoreboard.db
[22:35:27] [Server thread/INFO]: [com.zaxxer.hikari.HikariDataSource] HikariPool-12 - Starting...
[22:35:27] [Server thread/INFO]: [com.zaxxer.hikari.pool.HikariPool] HikariPool-12 - Added connection org.sqlite.jdbc4.JDBC4Connection@75e2f737
[22:35:27] [Server thread/INFO]: [com.zaxxer.hikari.HikariDataSource] HikariPool-12 - Start completed.
[22:35:27] [Server thread/INFO]: [ServerEssentials] Initializing database pool: rules (SQLITE)
[22:35:27] [Server thread/INFO]: [ServerEssentials] SQLite path: C:\Users\millm\IdeaProjects\ServerEssentials\run\server\paper\plugins\ServerEssentials/rules.db
[22:35:27] [Server thread/INFO]: [com.zaxxer.hikari.HikariDataSource] HikariPool-13 - Starting...
[22:35:27] [Server thread/INFO]: [com.zaxxer.hikari.pool.HikariPool] HikariPool-13 - Added connection org.sqlite.jdbc4.JDBC4Connection@f1c0bdd
[22:35:27] [Server thread/INFO]: [com.zaxxer.hikari.HikariDataSource] HikariPool-13 - Start completed.
[22:35:27] [Server thread/INFO]: [ServerEssentials] Initializing database pool: mail (SQLITE)
[22:35:27] [Server thread/INFO]: [ServerEssentials] SQLite path: C:\Users\millm\IdeaProjects\ServerEssentials\run\server\paper\plugins\ServerEssentials/mail.db
[22:35:27] [Server thread/INFO]: [com.zaxxer.hikari.HikariDataSource] HikariPool-14 - Starting...
[22:35:27] [Server thread/INFO]: [com.zaxxer.hikari.pool.HikariPool] HikariPool-14 - Added connection org.sqlite.jdbc4.JDBC4Connection@6ddae87a
[22:35:27] [Server thread/INFO]: [com.zaxxer.hikari.HikariDataSource] HikariPool-14 - Start completed.
[22:35:27] [Server thread/INFO]: [ServerEssentials] Initializing database pool: sellgui (SQLITE)
[22:35:27] [Server thread/INFO]: [ServerEssentials] SQLite path: C:\Users\millm\IdeaProjects\ServerEssentials\run\server\paper\plugins\ServerEssentials/sellgui.db
[22:35:27] [Server thread/INFO]: [com.zaxxer.hikari.HikariDataSource] HikariPool-15 - Starting...
[22:35:27] [Server thread/INFO]: [com.zaxxer.hikari.pool.HikariPool] HikariPool-15 - Added connection org.sqlite.jdbc4.JDBC4Connection@2311afd8
[22:35:27] [Server thread/INFO]: [com.zaxxer.hikari.HikariDataSource] HikariPool-15 - Start completed.
[22:35:27] [Server thread/INFO]: [ServerEssentials] Initializing database pool: back (SQLITE)
[22:35:27] [Server thread/INFO]: [ServerEssentials] SQLite path: C:\Users\millm\IdeaProjects\ServerEssentials\run\server\paper\plugins\ServerEssentials/back.db
[22:35:27] [Server thread/INFO]: [com.zaxxer.hikari.HikariDataSource] HikariPool-16 - Starting...
[22:35:27] [Server thread/INFO]: [com.zaxxer.hikari.pool.HikariPool] HikariPool-16 - Added connection org.sqlite.jdbc4.JDBC4Connection@773bb386
[22:35:27] [Server thread/INFO]: [com.zaxxer.hikari.HikariDataSource] HikariPool-16 - Start completed.
[22:35:27] [Server thread/INFO]: [ServerEssentials] Initializing database pool: economy (SQLITE)
[22:35:27] [Server thread/INFO]: [ServerEssentials] SQLite path: C:\Users\millm\IdeaProjects\ServerEssentials\run\server\paper\plugins\ServerEssentials/economy.db
[22:35:27] [Server thread/INFO]: [com.zaxxer.hikari.HikariDataSource] HikariPool-17 - Starting...
[22:35:27] [Server thread/INFO]: [com.zaxxer.hikari.pool.HikariPool] HikariPool-17 - Added connection org.sqlite.jdbc4.JDBC4Connection@71fa757b
[22:35:27] [Server thread/INFO]: [com.zaxxer.hikari.HikariDataSource] HikariPool-17 - Start completed.
[22:35:27] [Server thread/INFO]: [ServerEssentials] Initializing database pool: notes (SQLITE)
[22:35:27] [Server thread/INFO]: [ServerEssentials] SQLite path: C:\Users\millm\IdeaProjects\ServerEssentials\run\server\paper\plugins\ServerEssentials/notes.db
[22:35:27] [Server thread/INFO]: [com.zaxxer.hikari.HikariDataSource] HikariPool-18 - Starting...
[22:35:27] [Server thread/INFO]: [com.zaxxer.hikari.pool.HikariPool] HikariPool-18 - Added connection org.sqlite.jdbc4.JDBC4Connection@5da4a4ce
[22:35:27] [Server thread/INFO]: [com.zaxxer.hikari.HikariDataSource] HikariPool-18 - Start completed.
[22:35:27] [Server thread/INFO]: [ServerEssentials] Initializing database pool: daily (SQLITE)
[22:35:27] [Server thread/INFO]: [ServerEssentials] SQLite path: C:\Users\millm\IdeaProjects\ServerEssentials\run\server\paper\plugins\ServerEssentials/daily.db
[22:35:27] [Server thread/INFO]: [com.zaxxer.hikari.HikariDataSource] HikariPool-19 - Starting...
[22:35:27] [Server thread/INFO]: [com.zaxxer.hikari.pool.HikariPool] HikariPool-19 - Added connection org.sqlite.jdbc4.JDBC4Connection@4e51f509
[22:35:27] [Server thread/INFO]: [com.zaxxer.hikari.HikariDataSource] HikariPool-19 - Start completed.
[22:35:27] [Server thread/INFO]: [ServerEssentials] Initializing database pool: reports (SQLITE)
[22:35:27] [Server thread/INFO]: [ServerEssentials] SQLite path: C:\Users\millm\IdeaProjects\ServerEssentials\run\server\paper\plugins\ServerEssentials/reports.db
[22:35:27] [Server thread/INFO]: [com.zaxxer.hikari.HikariDataSource] HikariPool-20 - Starting...
[22:35:27] [Server thread/INFO]: [com.zaxxer.hikari.pool.HikariPool] HikariPool-20 - Added connection org.sqlite.jdbc4.JDBC4Connection@4e94796f
[22:35:27] [Server thread/INFO]: [com.zaxxer.hikari.HikariDataSource] HikariPool-20 - Start completed.
[22:35:27] [Server thread/INFO]: [ServerEssentials] Initializing database pool: shop (SQLITE)
[22:35:27] [Server thread/INFO]: [ServerEssentials] SQLite path: C:\Users\millm\IdeaProjects\ServerEssentials\run\server\paper\plugins\ServerEssentials/shop.db
[22:35:27] [Server thread/INFO]: [com.zaxxer.hikari.HikariDataSource] HikariPool-21 - Starting...
[22:35:27] [Server thread/INFO]: [com.zaxxer.hikari.pool.HikariPool] HikariPool-21 - Added connection org.sqlite.jdbc4.JDBC4Connection@6fddc2ef
[22:35:27] [Server thread/INFO]: [com.zaxxer.hikari.HikariDataSource] HikariPool-21 - Start completed.
[22:35:27] [Server thread/INFO]: [ServerEssentials] Initializing database pool: command_data (SQLITE)
[22:35:27] [Server thread/INFO]: [ServerEssentials] SQLite path: C:\Users\millm\IdeaProjects\ServerEssentials\run\server\paper\plugins\ServerEssentials/command_data.db
[22:35:27] [Server thread/INFO]: [com.zaxxer.hikari.HikariDataSource] HikariPool-22 - Starting...
[22:35:27] [Server thread/INFO]: [com.zaxxer.hikari.pool.HikariPool] HikariPool-22 - Added connection org.sqlite.jdbc4.JDBC4Connection@115d7796
[22:35:27] [Server thread/INFO]: [com.zaxxer.hikari.HikariDataSource] HikariPool-22 - Start completed.
[22:35:27] [Server thread/INFO]: [ServerEssentials] Initializing database pool: tpa (SQLITE)
[22:35:27] [Server thread/INFO]: [ServerEssentials] SQLite path: C:\Users\millm\IdeaProjects\ServerEssentials\run\server\paper\plugins\ServerEssentials/tpa.db
[22:35:27] [Server thread/INFO]: [com.zaxxer.hikari.HikariDataSource] HikariPool-23 - Starting...
[22:35:27] [Server thread/INFO]: [com.zaxxer.hikari.pool.HikariPool] HikariPool-23 - Added connection org.sqlite.jdbc4.JDBC4Connection@1569e5ea
[22:35:27] [Server thread/INFO]: [com.zaxxer.hikari.HikariDataSource] HikariPool-23 - Start completed.
[22:35:27] [Server thread/INFO]: [ServerEssentials] Initializing soft-dependencies...
[22:35:27] [Server thread/WARN]: [ServerEssentials] Vault not found, related features disabled.
[22:35:27] [Server thread/WARN]: [ServerEssentials] LuckPerms not found, related features disabled.
[22:35:27] [Server thread/WARN]: [ServerEssentials] PlaceholderAPI not found, placeholders won't work.
[22:35:27] [Server thread/WARN]: [ServerEssentials] PlaceholderAPI not found. Placeholders will be unavailable.
[22:35:27] [Server thread/INFO]: [ServerEssentials] Using internal economy system
[22:35:27] [Server thread/INFO]: [ServerEssentials] Initializing InternalEconomy database...
[22:35:28] [ForkJoinPool.commonPool-worker-1/INFO]: [ServerEssentials] Adding pay_confirm_disabled column...
[22:35:28] [Server thread/INFO]: [ServerEssentials] InternalEconomy database initialized!
[22:35:28] [Server thread/INFO]: [ServerEssentials] §aEconomy system initialized: ServerEssentials-Internal
[22:35:28] [Server thread/INFO]: Loaded 1 kits.
[22:35:28] [Server thread/INFO]: [ServerEssentials] Kit system initialized with 1 kits
[22:35:28] [Server thread/WARN]: [ServerEssentials] BackManager is null in RtpListener constructor!
[22:35:28] [Server thread/WARN]: [ServerEssentials] Invalid day key: page1-next in daily.yml
[22:35:28] [Server thread/WARN]: [ServerEssentials] Invalid day key: page2-prev in daily.yml
[22:35:28] [ForkJoinPool.commonPool-worker-1/INFO]: [ServerEssentials] Rules table is empty. Loading from rules.yml...
[22:35:28] [ForkJoinPool.commonPool-worker-1/INFO]: [ServerEssentials] Loaded 6 rules from rules.yml
[22:35:28] [Server thread/INFO]: [ServerEssentials] Back locations table initialized (or already exists)
[22:35:28] [Server thread/INFO]: [ServerEssentials] Back system initialized with dedicated table
[22:35:28] [Server thread/INFO]: [ServerEssentials] Loaded 7 scoreboard layouts
[22:35:28] [Server thread/INFO]: [ServerEssentials] Scoreboard storage initialized with async support
[22:35:28] [Server thread/INFO]: [ServerEssentials] Scoreboard updater started in production mode
[22:35:28] [Server thread/INFO]: [ServerEssentials] Scoreboard system initialized with 7 layouts
[22:35:28] [Server thread/INFO]: [ServerEssentials] Initializing database pool: session (SQLITE)
[22:35:28] [Server thread/INFO]: [ServerEssentials] SQLite path: C:\Users\millm\IdeaProjects\ServerEssentials\run\server\paper\plugins\ServerEssentials/session.db
[22:35:28] [Server thread/INFO]: [com.zaxxer.hikari.HikariDataSource] HikariPool-24 - Starting...
[22:35:28] [Server thread/INFO]: [com.zaxxer.hikari.pool.HikariPool] HikariPool-24 - Added connection org.sqlite.jdbc4.JDBC4Connection@5a783870
[22:35:28] [Server thread/INFO]: [com.zaxxer.hikari.HikariDataSource] HikariPool-24 - Start completed.
[22:35:28] [Server thread/INFO]: [ServerEssentials] Session system initialized
[22:35:28] [Server thread/INFO]: [ServerEssentials] Auction system initialized successfully
[22:35:28] [Server thread/WARN]: [ServerEssentials] [SellGUI] Invalid material 'IRON_CHAIN' in decoration.yml
[22:35:28] [Server thread/INFO]: [ServerEssentials] [SellGUI] Successfully loaded 781 prices from 15 files
[22:35:28] [Server thread/INFO]: [ServerEssentials] [SellGUI] Loaded 751 sellable items from shop configs
[22:35:28] [Server thread/INFO]: [ServerEssentials] [SellGUI] Manager initialized with 751 sellable items
[22:35:28] [Server thread/INFO]: [ServerEssentials] SellGUI system initialized with 751 items
[22:35:28] [Server thread/INFO]: [ServerEssentials] [Eco] Max transaction amount: 1000000.0
[22:35:28] [Server thread/INFO]: [ServerEssentials] [Eco] Notify target: true
[22:35:28] [Server thread/INFO]: [ServerEssentials] [Eco] Log transactions: true
[22:35:28] [Server thread/INFO]: [ServerEssentials] [CoinFlip] Loaded config: min=1.0, max=10000.0, winChance=50.0%
[22:35:28] [Server thread/INFO]: [ServerEssentials] ✓ Loaded main shop config from file (newer than DB)
[22:35:28] [Server thread/INFO]: [ServerEssentials] ✓ Loaded section 'blocks' from file
[22:35:28] [Server thread/INFO]: [ServerEssentials] ✓ Loaded section 'coloredblocks' from file
[22:35:28] [Server thread/INFO]: [ServerEssentials] ✓ Loaded section 'customsection1' from file
[22:35:28] [Server thread/INFO]: [ServerEssentials] ✓ Loaded section 'customsection2' from file
[22:35:28] [Server thread/INFO]: [ServerEssentials] ✓ Loaded section 'customsection3' from file
[22:35:28] [Server thread/INFO]: [ServerEssentials] ✓ Loaded section 'customsection4' from file
[22:35:28] [Server thread/INFO]: [ServerEssentials] ✓ Loaded section 'customsection5' from file
[22:35:28] [Server thread/INFO]: [ServerEssentials] ✓ Loaded section 'decoration' from file
[22:35:28] [Server thread/INFO]: [ServerEssentials] ✓ Loaded section 'farming' from file
[22:35:28] [Server thread/INFO]: [ServerEssentials] ✓ Loaded section 'food' from file
[22:35:28] [Server thread/INFO]: [ServerEssentials] ✓ Loaded section 'misc' from file
[22:35:28] [Server thread/INFO]: [ServerEssentials] ✓ Loaded section 'mobs' from file
[22:35:28] [Server thread/INFO]: [ServerEssentials] ✓ Loaded section 'ores' from file
[22:35:28] [Server thread/INFO]: [ServerEssentials] ✓ Loaded section 'redstone' from file
[22:35:28] [Server thread/INFO]: [ServerEssentials] ✓ Loaded section 'tools' from file
[22:35:28] [Server thread/INFO]: [ServerEssentials] ✓ Shop configurations loaded successfully
[22:35:29] [Server thread/INFO]: 
[22:35:29] [Server thread/INFO]:              
[22:35:29] [Server thread/INFO]:   ┏━━━┳━━━┓     Server Software: Paper 1.21.1-133-3cb8529 (MC: 1.21.1)
[22:35:29] [Server thread/INFO]:   ┃┏━┓┃┏━━┛     Startup Time:   1666 ms
[22:35:29] [Server thread/INFO]:   ┃┗━━┫┗━━┓     CPU Cores:      12
[22:35:29] [Server thread/INFO]:   ┗━━┓┃┏━━┛     Threads:        76
[22:35:29] [Server thread/INFO]:   ┃┗━┛┃┗━━┓     
[22:35:29] [Server thread/INFO]:   ┗━━━┻━━━┛     ✓ ServerEssentials successfully enabled!
[22:35:29] [Server thread/INFO]: 
[22:35:29] [Server thread/INFO]: [ServerEssentials] First install detected – running commands...
[22:35:29] [Server thread/INFO]: [ServerEssentials] Saved default language file: de.json
[22:35:29] [Server thread/INFO]: [ServerEssentials] Saved default language file: fr.json
[22:35:29] [Server thread/INFO]: [ServerEssentials] Saved default language file: br.json
[22:35:29] [Server thread/WARN]: [ServerEssentials] Could not save config.yml to plugins\ServerEssentials\config.yml because config.yml already exists.
[22:35:29] [Server thread/WARN]: [ServerEssentials] PlaceholderAPI not found! Placeholders won't work.
[22:35:29] [Server thread/INFO]: [spark] Starting background profiler...
[22:35:29] [Server thread/INFO]: [spark] The async-profiler engine is not supported for your os/arch (windows11/amd64), so the built-in Java engine will be used instead.
[22:35:29] [Server thread/INFO]: Done preparing level "world" (11.408s)
[22:35:29] [Server thread/INFO]: Running delayed init tasks
[22:35:29] [Server thread/INFO]: Done (27.146s)! For help, type "help"
[22:35:29] [Server thread/INFO]: *************************************************************************************
[22:35:29] [Server thread/INFO]: This is the first time you're starting this server.
[22:35:29] [Server thread/INFO]: It's recommended you read our 'Getting Started' documentation for guidance.
[22:35:29] [Server thread/INFO]: View this and more helpful information here: https://docs.papermc.io/paper/next-steps
[22:35:29] [Server thread/INFO]: *************************************************************************************
[22:35:29] [Server thread/INFO]: Timings Reset
[22:35:29] [ForkJoinPool.commonPool-worker-1/INFO]: 
[22:35:29] [ForkJoinPool.commonPool-worker-1/INFO]: ================================
[22:35:29] [ForkJoinPool.commonPool-worker-1/INFO]: ServerEssentials - Update Available
[22:35:29] [ForkJoinPool.commonPool-worker-1/INFO]: --------------------------------
[22:35:29] [ForkJoinPool.commonPool-worker-1/INFO]: Current: 2.0.7.9
[22:35:29] [ForkJoinPool.commonPool-worker-1/INFO]: Latest: 2.0.7.8
[22:35:29] [ForkJoinPool.commonPool-worker-1/INFO]: Download: https://modrinth.com/plugin/serveressentials
[22:35:29] [ForkJoinPool.commonPool-worker-1/INFO]: ================================
[22:35:29] [ForkJoinPool.commonPool-worker-1/INFO]: 
[22:35:30] [Server thread/INFO]: Unknown or incomplete command, see below for error
papi ecloud download Vault<--[HERE]
[22:35:30] [Server thread/WARN]: [ServerEssentials] First-install command failed: papi ecloud download Vault
