[20:44:01] [ServerMain/INFO]: [bootstrap] Running Java 21 (OpenJDK 64-Bit Server VM 21.0.6+7-LTS; Eclipse Adoptium Temurin-21.0.6+7) on Windows 11 10.0 (amd64)
[20:44:01] [ServerMain/INFO]: [bootstrap] Loading Paper 1.21.1-133-ver/1.21.1@3cb8529 (2025-03-28T16:14:36Z) for Minecraft 1.21.1
[20:44:02] [ServerMain/INFO]: [PluginInitializerManager] Initializing plugins...
[20:44:03] [Paper Plugin Remapper Thread - 0/INFO]: [ReobfServer] Remapping server...
[20:44:09] [Paper Plugin Remapper Thread - 0/INFO]: [ReobfServer] Done remapping server in 6384ms.
[20:44:09] [Paper Plugin Remapper Thread - 2/INFO]: [PluginRemapper] Remapping plugin 'plugins\ServerEssentials-2.0.7.9.jar'...
[20:44:10] [Paper Plugin Remapper Thread - 2/INFO]: [PluginRemapper] Done remapping plugin 'plugins\ServerEssentials-2.0.7.9.jar' in 796ms.
[20:44:10] [ServerMain/INFO]: [PluginInitializerManager] Initialized 1 plugin
[20:44:10] [ServerMain/INFO]: [PluginInitializerManager] Bukkit plugins (1):
 - ServerEssentials (2.0.7.9)
[20:44:17] [ServerMain/INFO]: Environment: Environment[sessionHost=https://sessionserver.mojang.com, servicesHost=https://api.minecraftservices.com, name=PROD]
[20:44:18] [ServerMain/INFO]: Found new data pack file/bukkit, loading it automatically
[20:44:18] [ServerMain/INFO]: Found new data pack paper, loading it automatically
[20:44:18] [ServerMain/INFO]: No existing world data, creating new world
[20:44:19] [ServerMain/INFO]: Loaded 1290 recipes
[20:44:20] [ServerMain/INFO]: Loaded 1399 advancements
[20:44:20] [Server thread/INFO]: Starting minecraft server version 1.21.1
[20:44:20] [Server thread/INFO]: Loading properties
[20:44:20] [Server thread/INFO]: This server is running Paper version 1.21.1-133-ver/1.21.1@3cb8529 (2025-03-28T16:14:36Z) (Implementing API version 1.21.1-R0.1-SNAPSHOT)
[20:44:21] [Server thread/INFO]: [spark] This server bundles the spark profiler. For more information please visit https://docs.papermc.io/paper/profiling
[20:44:21] [Server thread/INFO]: Server Ping Player Sample Count: 12
[20:44:21] [Server thread/INFO]: Using 4 threads for Netty based IO
[20:44:22] [Server thread/INFO]: [ChunkTaskScheduler] Chunk system is using 1 I/O threads, 3 worker threads, and population gen parallelism of 3 threads
[20:44:23] [Server thread/INFO]: Default game type: SURVIVAL
[20:44:23] [Server thread/INFO]: Generating keypair
[20:44:23] [Server thread/INFO]: Starting Minecraft server on *:25565
[20:44:23] [Server thread/INFO]: Using default channel type
[20:44:23] [Server thread/INFO]: Paper: Using Java compression from Velocity.
[20:44:23] [Server thread/INFO]: Paper: Using Java cipher from Velocity.
[20:44:23] [Server thread/INFO]: [ServerEssentials] Loading server plugin ServerEssentials v2.0.7.9
[20:44:23] [Server thread/WARN]: **** SERVER IS RUNNING IN OFFLINE/INSECURE MODE!
[20:44:23] [Server thread/WARN]: The server will make no attempt to authenticate usernames. Beware.
[20:44:23] [Server thread/WARN]: While this makes the game possible to play without internet access, it also opens up the ability for hackers to connect with any username they choose.
[20:44:23] [Server thread/WARN]: To change this, set "online-mode" to "true" in the server.properties file.
[20:44:23] [Server thread/INFO]: Preparing level "world"
[20:44:31] [Server thread/INFO]: Preparing start region for dimension minecraft:overworld
[20:44:34] [Server thread/INFO]: Time elapsed: 3132 ms
[20:44:34] [Server thread/INFO]: Preparing start region for dimension minecraft:the_nether
[20:44:34] [Server thread/INFO]: Time elapsed: 654 ms
[20:44:34] [Server thread/INFO]: Preparing start region for dimension minecraft:the_end
[20:44:35] [Server thread/INFO]: Time elapsed: 293 ms
[20:44:35] [Server thread/INFO]: [ServerEssentials] Enabling ServerEssentials v2.0.7.9
[20:44:35] [Server thread/INFO]: [ServerEssentials] Loaded language: en (27 keys)
[20:44:35] [Server thread/INFO]: [ServerEssentials] Initializing database pool: rtp (SQLITE)
[20:44:35] [Server thread/INFO]: [ServerEssentials] SQLite path: C:\Users\millm\IdeaProjects\ServerEssentials\paper-server\run\paper\plugins\ServerEssentials/rtp.db
[20:44:35] [Server thread/INFO]: [com.zaxxer.hikari.HikariDataSource] HikariPool-1 - Starting...
[20:44:35] [Server thread/INFO]: [com.zaxxer.hikari.pool.HikariPool] HikariPool-1 - Added connection org.sqlite.jdbc4.JDBC4Connection@1aeaf18c
[20:44:35] [Server thread/INFO]: [com.zaxxer.hikari.HikariDataSource] HikariPool-1 - Start completed.
[20:44:35] [Server thread/INFO]: [ServerEssentials] Initializing database pool: playerdata (SQLITE)
[20:44:35] [Server thread/INFO]: [ServerEssentials] SQLite path: C:\Users\millm\IdeaProjects\ServerEssentials\paper-server\run\paper\plugins\ServerEssentials/playerdata.db
[20:44:35] [Server thread/INFO]: [com.zaxxer.hikari.HikariDataSource] HikariPool-2 - Starting...
[20:44:35] [Server thread/INFO]: [com.zaxxer.hikari.pool.HikariPool] HikariPool-2 - Added connection org.sqlite.jdbc4.JDBC4Connection@567bb363
[20:44:35] [Server thread/INFO]: [com.zaxxer.hikari.HikariDataSource] HikariPool-2 - Start completed.
[20:44:35] [Server thread/INFO]: [ServerEssentials] Initializing database pool: kits (SQLITE)
[20:44:35] [Server thread/INFO]: [ServerEssentials] SQLite path: C:\Users\millm\IdeaProjects\ServerEssentials\paper-server\run\paper\plugins\ServerEssentials/kits.db
[20:44:35] [Server thread/INFO]: [com.zaxxer.hikari.HikariDataSource] HikariPool-3 - Starting...
[20:44:35] [Server thread/INFO]: [com.zaxxer.hikari.pool.HikariPool] HikariPool-3 - Added connection org.sqlite.jdbc4.JDBC4Connection@4c83beb4
[20:44:35] [Server thread/INFO]: [com.zaxxer.hikari.HikariDataSource] HikariPool-3 - Start completed.
[20:44:35] [Server thread/INFO]: [ServerEssentials] Initializing database pool: nicks (SQLITE)
[20:44:35] [Server thread/INFO]: [ServerEssentials] SQLite path: C:\Users\millm\IdeaProjects\ServerEssentials\paper-server\run\paper\plugins\ServerEssentials/nicks.db
[20:44:35] [Server thread/INFO]: [com.zaxxer.hikari.HikariDataSource] HikariPool-4 - Starting...
[20:44:35] [Server thread/INFO]: [com.zaxxer.hikari.pool.HikariPool] HikariPool-4 - Added connection org.sqlite.jdbc4.JDBC4Connection@34b0b05
[20:44:35] [Server thread/INFO]: [com.zaxxer.hikari.HikariDataSource] HikariPool-4 - Start completed.
[20:44:35] [Server thread/INFO]: [ServerEssentials] Initializing database pool: warps (SQLITE)
[20:44:35] [Server thread/INFO]: [ServerEssentials] SQLite path: C:\Users\millm\IdeaProjects\ServerEssentials\paper-server\run\paper\plugins\ServerEssentials/warps.db
[20:44:35] [Server thread/INFO]: [com.zaxxer.hikari.HikariDataSource] HikariPool-5 - Starting...
[20:44:35] [Server thread/INFO]: [com.zaxxer.hikari.pool.HikariPool] HikariPool-5 - Added connection org.sqlite.jdbc4.JDBC4Connection@49adb7e8
[20:44:35] [Server thread/INFO]: [com.zaxxer.hikari.HikariDataSource] HikariPool-5 - Start completed.
[20:44:35] [Server thread/INFO]: [ServerEssentials] Initializing database pool: vaults (SQLITE)
[20:44:35] [Server thread/INFO]: [ServerEssentials] SQLite path: C:\Users\millm\IdeaProjects\ServerEssentials\paper-server\run\paper\plugins\ServerEssentials/vaults.db
[20:44:35] [Server thread/INFO]: [com.zaxxer.hikari.HikariDataSource] HikariPool-6 - Starting...
[20:44:35] [Server thread/INFO]: [com.zaxxer.hikari.pool.HikariPool] HikariPool-6 - Added connection org.sqlite.jdbc4.JDBC4Connection@3ab08cb1
[20:44:35] [Server thread/INFO]: [com.zaxxer.hikari.HikariDataSource] HikariPool-6 - Start completed.
[20:44:35] [Server thread/INFO]: [ServerEssentials] Initializing database pool: bans (SQLITE)
[20:44:35] [Server thread/INFO]: [ServerEssentials] SQLite path: C:\Users\millm\IdeaProjects\ServerEssentials\paper-server\run\paper\plugins\ServerEssentials/bans.db
[20:44:35] [Server thread/INFO]: [com.zaxxer.hikari.HikariDataSource] HikariPool-7 - Starting...
[20:44:35] [Server thread/INFO]: [com.zaxxer.hikari.pool.HikariPool] HikariPool-7 - Added connection org.sqlite.jdbc4.JDBC4Connection@4a9a17c9
[20:44:35] [Server thread/INFO]: [com.zaxxer.hikari.HikariDataSource] HikariPool-7 - Start completed.
[20:44:35] [Server thread/INFO]: [ServerEssentials] Initializing database pool: mutes (SQLITE)
[20:44:35] [Server thread/INFO]: [ServerEssentials] SQLite path: C:\Users\millm\IdeaProjects\ServerEssentials\paper-server\run\paper\plugins\ServerEssentials/mutes.db
[20:44:35] [Server thread/INFO]: [com.zaxxer.hikari.HikariDataSource] HikariPool-8 - Starting...
[20:44:35] [Server thread/INFO]: [com.zaxxer.hikari.pool.HikariPool] HikariPool-8 - Added connection org.sqlite.jdbc4.JDBC4Connection@47105383
[20:44:35] [Server thread/INFO]: [com.zaxxer.hikari.HikariDataSource] HikariPool-8 - Start completed.
[20:44:35] [Server thread/INFO]: [ServerEssentials] Initializing database pool: lobby (SQLITE)
[20:44:35] [Server thread/INFO]: [ServerEssentials] SQLite path: C:\Users\millm\IdeaProjects\ServerEssentials\paper-server\run\paper\plugins\ServerEssentials/lobby.db
[20:44:35] [Server thread/INFO]: [com.zaxxer.hikari.HikariDataSource] HikariPool-9 - Starting...
[20:44:35] [Server thread/INFO]: [com.zaxxer.hikari.pool.HikariPool] HikariPool-9 - Added connection org.sqlite.jdbc4.JDBC4Connection@566673e4
[20:44:35] [Server thread/INFO]: [com.zaxxer.hikari.HikariDataSource] HikariPool-9 - Start completed.
[20:44:35] [Server thread/INFO]: [ServerEssentials] Initializing database pool: homes (SQLITE)
[20:44:35] [Server thread/INFO]: [ServerEssentials] SQLite path: C:\Users\millm\IdeaProjects\ServerEssentials\paper-server\run\paper\plugins\ServerEssentials/homes.db
[20:44:35] [Server thread/INFO]: [com.zaxxer.hikari.HikariDataSource] HikariPool-10 - Starting...
[20:44:35] [Server thread/INFO]: [com.zaxxer.hikari.pool.HikariPool] HikariPool-10 - Added connection org.sqlite.jdbc4.JDBC4Connection@12dfa282
[20:44:35] [Server thread/INFO]: [com.zaxxer.hikari.HikariDataSource] HikariPool-10 - Start completed.
[20:44:35] [Server thread/INFO]: [ServerEssentials] Initializing database pool: auction (SQLITE)
[20:44:35] [Server thread/INFO]: [ServerEssentials] SQLite path: C:\Users\millm\IdeaProjects\ServerEssentials\paper-server\run\paper\plugins\ServerEssentials/auction.db
[20:44:35] [Server thread/INFO]: [com.zaxxer.hikari.HikariDataSource] HikariPool-11 - Starting...
[20:44:35] [Server thread/INFO]: [com.zaxxer.hikari.pool.HikariPool] HikariPool-11 - Added connection org.sqlite.jdbc4.JDBC4Connection@27dcdc44
[20:44:35] [Server thread/INFO]: [com.zaxxer.hikari.HikariDataSource] HikariPool-11 - Start completed.
[20:44:35] [Server thread/INFO]: [ServerEssentials] Initializing database pool: scoreboard (SQLITE)
[20:44:35] [Server thread/INFO]: [ServerEssentials] SQLite path: C:\Users\millm\IdeaProjects\ServerEssentials\paper-server\run\paper\plugins\ServerEssentials/scoreboard.db
[20:44:35] [Server thread/INFO]: [com.zaxxer.hikari.HikariDataSource] HikariPool-12 - Starting...
[20:44:35] [Server thread/INFO]: [com.zaxxer.hikari.pool.HikariPool] HikariPool-12 - Added connection org.sqlite.jdbc4.JDBC4Connection@5f859e2f
[20:44:35] [Server thread/INFO]: [com.zaxxer.hikari.HikariDataSource] HikariPool-12 - Start completed.
[20:44:35] [Server thread/INFO]: [ServerEssentials] Initializing database pool: rules (SQLITE)
[20:44:35] [Server thread/INFO]: [ServerEssentials] SQLite path: C:\Users\millm\IdeaProjects\ServerEssentials\paper-server\run\paper\plugins\ServerEssentials/rules.db
[20:44:35] [Server thread/INFO]: [com.zaxxer.hikari.HikariDataSource] HikariPool-13 - Starting...
[20:44:35] [Server thread/INFO]: [com.zaxxer.hikari.pool.HikariPool] HikariPool-13 - Added connection org.sqlite.jdbc4.JDBC4Connection@5813935
[20:44:35] [Server thread/INFO]: [com.zaxxer.hikari.HikariDataSource] HikariPool-13 - Start completed.
[20:44:35] [Server thread/INFO]: [ServerEssentials] Initializing database pool: mail (SQLITE)
[20:44:35] [Server thread/INFO]: [ServerEssentials] SQLite path: C:\Users\millm\IdeaProjects\ServerEssentials\paper-server\run\paper\plugins\ServerEssentials/mail.db
[20:44:35] [Server thread/INFO]: [com.zaxxer.hikari.HikariDataSource] HikariPool-14 - Starting...
[20:44:35] [Server thread/INFO]: [com.zaxxer.hikari.pool.HikariPool] HikariPool-14 - Added connection org.sqlite.jdbc4.JDBC4Connection@388c3c8f
[20:44:35] [Server thread/INFO]: [com.zaxxer.hikari.HikariDataSource] HikariPool-14 - Start completed.
[20:44:35] [Server thread/INFO]: [ServerEssentials] Initializing database pool: sellgui (SQLITE)
[20:44:35] [Server thread/INFO]: [ServerEssentials] SQLite path: C:\Users\millm\IdeaProjects\ServerEssentials\paper-server\run\paper\plugins\ServerEssentials/sellgui.db
[20:44:35] [Server thread/INFO]: [com.zaxxer.hikari.HikariDataSource] HikariPool-15 - Starting...
[20:44:35] [Server thread/INFO]: [com.zaxxer.hikari.pool.HikariPool] HikariPool-15 - Added connection org.sqlite.jdbc4.JDBC4Connection@7f024c14
[20:44:35] [Server thread/INFO]: [com.zaxxer.hikari.HikariDataSource] HikariPool-15 - Start completed.
[20:44:35] [Server thread/INFO]: [ServerEssentials] Initializing database pool: back (SQLITE)
[20:44:35] [Server thread/INFO]: [ServerEssentials] SQLite path: C:\Users\millm\IdeaProjects\ServerEssentials\paper-server\run\paper\plugins\ServerEssentials/back.db
[20:44:35] [Server thread/INFO]: [com.zaxxer.hikari.HikariDataSource] HikariPool-16 - Starting...
[20:44:35] [Server thread/INFO]: [com.zaxxer.hikari.pool.HikariPool] HikariPool-16 - Added connection org.sqlite.jdbc4.JDBC4Connection@557802b8
[20:44:35] [Server thread/INFO]: [com.zaxxer.hikari.HikariDataSource] HikariPool-16 - Start completed.
[20:44:35] [Server thread/INFO]: [ServerEssentials] Initializing database pool: economy (SQLITE)
[20:44:35] [Server thread/INFO]: [ServerEssentials] SQLite path: C:\Users\millm\IdeaProjects\ServerEssentials\paper-server\run\paper\plugins\ServerEssentials/economy.db
[20:44:35] [Server thread/INFO]: [com.zaxxer.hikari.HikariDataSource] HikariPool-17 - Starting...
[20:44:35] [Server thread/INFO]: [com.zaxxer.hikari.pool.HikariPool] HikariPool-17 - Added connection org.sqlite.jdbc4.JDBC4Connection@6962ff38
[20:44:35] [Server thread/INFO]: [com.zaxxer.hikari.HikariDataSource] HikariPool-17 - Start completed.
[20:44:35] [Server thread/INFO]: [ServerEssentials] Initializing database pool: notes (SQLITE)
[20:44:35] [Server thread/INFO]: [ServerEssentials] SQLite path: C:\Users\millm\IdeaProjects\ServerEssentials\paper-server\run\paper\plugins\ServerEssentials/notes.db
[20:44:35] [Server thread/INFO]: [com.zaxxer.hikari.HikariDataSource] HikariPool-18 - Starting...
[20:44:35] [Server thread/INFO]: [com.zaxxer.hikari.pool.HikariPool] HikariPool-18 - Added connection org.sqlite.jdbc4.JDBC4Connection@75c3d9fc
[20:44:35] [Server thread/INFO]: [com.zaxxer.hikari.HikariDataSource] HikariPool-18 - Start completed.
[20:44:35] [Server thread/INFO]: [ServerEssentials] Initializing database pool: daily (SQLITE)
[20:44:35] [Server thread/INFO]: [ServerEssentials] SQLite path: C:\Users\millm\IdeaProjects\ServerEssentials\paper-server\run\paper\plugins\ServerEssentials/daily.db
[20:44:35] [Server thread/INFO]: [com.zaxxer.hikari.HikariDataSource] HikariPool-19 - Starting...
[20:44:35] [Server thread/INFO]: [com.zaxxer.hikari.pool.HikariPool] HikariPool-19 - Added connection org.sqlite.jdbc4.JDBC4Connection@d0004
[20:44:35] [Server thread/INFO]: [com.zaxxer.hikari.HikariDataSource] HikariPool-19 - Start completed.
[20:44:35] [Server thread/INFO]: [ServerEssentials] Initializing database pool: reports (SQLITE)
[20:44:35] [Server thread/INFO]: [ServerEssentials] SQLite path: C:\Users\millm\IdeaProjects\ServerEssentials\paper-server\run\paper\plugins\ServerEssentials/reports.db
[20:44:35] [Server thread/INFO]: [com.zaxxer.hikari.HikariDataSource] HikariPool-20 - Starting...
[20:44:35] [Server thread/INFO]: [com.zaxxer.hikari.pool.HikariPool] HikariPool-20 - Added connection org.sqlite.jdbc4.JDBC4Connection@651f7c9d
[20:44:35] [Server thread/INFO]: [com.zaxxer.hikari.HikariDataSource] HikariPool-20 - Start completed.
[20:44:35] [Server thread/INFO]: [ServerEssentials] Initializing database pool: shop (SQLITE)
[20:44:35] [Server thread/INFO]: [ServerEssentials] SQLite path: C:\Users\millm\IdeaProjects\ServerEssentials\paper-server\run\paper\plugins\ServerEssentials/shop.db
[20:44:35] [Server thread/INFO]: [com.zaxxer.hikari.HikariDataSource] HikariPool-21 - Starting...
[20:44:35] [Server thread/INFO]: [com.zaxxer.hikari.pool.HikariPool] HikariPool-21 - Added connection org.sqlite.jdbc4.JDBC4Connection@47439f04
[20:44:35] [Server thread/INFO]: [com.zaxxer.hikari.HikariDataSource] HikariPool-21 - Start completed.
[20:44:35] [Server thread/INFO]: [ServerEssentials] Initializing database pool: command_data (SQLITE)
[20:44:35] [Server thread/INFO]: [ServerEssentials] SQLite path: C:\Users\millm\IdeaProjects\ServerEssentials\paper-server\run\paper\plugins\ServerEssentials/command_data.db
[20:44:35] [Server thread/INFO]: [com.zaxxer.hikari.HikariDataSource] HikariPool-22 - Starting...
[20:44:35] [Server thread/INFO]: [com.zaxxer.hikari.pool.HikariPool] HikariPool-22 - Added connection org.sqlite.jdbc4.JDBC4Connection@5943ee14
[20:44:35] [Server thread/INFO]: [com.zaxxer.hikari.HikariDataSource] HikariPool-22 - Start completed.
[20:44:35] [Server thread/INFO]: [ServerEssentials] Initializing database pool: tpa (SQLITE)
[20:44:35] [Server thread/INFO]: [ServerEssentials] SQLite path: C:\Users\millm\IdeaProjects\ServerEssentials\paper-server\run\paper\plugins\ServerEssentials/tpa.db
[20:44:35] [Server thread/INFO]: [com.zaxxer.hikari.HikariDataSource] HikariPool-23 - Starting...
[20:44:35] [Server thread/INFO]: [com.zaxxer.hikari.pool.HikariPool] HikariPool-23 - Added connection org.sqlite.jdbc4.JDBC4Connection@2041733d
[20:44:35] [Server thread/INFO]: [com.zaxxer.hikari.HikariDataSource] HikariPool-23 - Start completed.
[20:44:35] [Server thread/INFO]: [ServerEssentials] Initializing soft-dependencies...
[20:44:35] [Server thread/WARN]: [ServerEssentials] Vault not found, related features disabled.
[20:44:35] [Server thread/WARN]: [ServerEssentials] LuckPerms not found, related features disabled.
[20:44:35] [Server thread/WARN]: [ServerEssentials] PlaceholderAPI not found, placeholders won't work.
[20:44:35] [Server thread/WARN]: [ServerEssentials] PlaceholderAPI not found. Placeholders will be unavailable.
[20:44:35] [Server thread/INFO]: [ServerEssentials] Using internal economy system
[20:44:35] [Server thread/INFO]: [ServerEssentials] Initializing InternalEconomy database...
[20:44:35] [ForkJoinPool.commonPool-worker-2/INFO]: [ServerEssentials] Adding pay_confirm_disabled column...
[20:44:35] [Server thread/INFO]: [ServerEssentials] InternalEconomy database initialized!
[20:44:35] [Server thread/INFO]: [ServerEssentials] §aEconomy system initialized: ServerEssentials-Internal
[20:44:36] [Server thread/INFO]: Loaded 1 kits.
[20:44:36] [Server thread/INFO]: [ServerEssentials] Kit system initialized with 1 kits
[20:44:36] [Server thread/WARN]: [ServerEssentials] BackManager is null in RtpListener constructor!
[20:44:36] [Server thread/WARN]: [ServerEssentials] Invalid day key: page1-next in daily.yml
[20:44:36] [Server thread/WARN]: [ServerEssentials] Invalid day key: page2-prev in daily.yml
[20:44:36] [ForkJoinPool.commonPool-worker-3/INFO]: [ServerEssentials] Rules table is empty. Loading from rules.yml...
[20:44:36] [ForkJoinPool.commonPool-worker-3/INFO]: [ServerEssentials] Loaded 6 rules from rules.yml
[20:44:36] [Server thread/INFO]: [ServerEssentials] Back locations table initialized (or already exists)
[20:44:36] [Server thread/INFO]: [ServerEssentials] Back system initialized with dedicated table
[20:44:36] [Server thread/INFO]: [ServerEssentials] Loaded 7 scoreboard layouts
[20:44:36] [Server thread/INFO]: [ServerEssentials] Scoreboard storage initialized with async support
[20:44:36] [Server thread/INFO]: [ServerEssentials] Scoreboard updater started in production mode
[20:44:36] [Server thread/INFO]: [ServerEssentials] Scoreboard system initialized with 7 layouts
[20:44:36] [Server thread/INFO]: [ServerEssentials] Initializing database pool: session (SQLITE)
[20:44:36] [Server thread/INFO]: [ServerEssentials] SQLite path: C:\Users\millm\IdeaProjects\ServerEssentials\paper-server\run\paper\plugins\ServerEssentials/session.db
[20:44:36] [Server thread/INFO]: [com.zaxxer.hikari.HikariDataSource] HikariPool-24 - Starting...
[20:44:36] [Server thread/INFO]: [com.zaxxer.hikari.pool.HikariPool] HikariPool-24 - Added connection org.sqlite.jdbc4.JDBC4Connection@27821ec9
[20:44:36] [Server thread/INFO]: [com.zaxxer.hikari.HikariDataSource] HikariPool-24 - Start completed.
[20:44:36] [Server thread/INFO]: [ServerEssentials] Session system initialized
[20:44:36] [Server thread/INFO]: [ServerEssentials] Auction system initialized successfully
[20:44:36] [Server thread/WARN]: [ServerEssentials] [SellGUI] Invalid material 'IRON_CHAIN' in decoration.yml
[20:44:36] [Server thread/INFO]: [ServerEssentials] [SellGUI] Successfully loaded 781 prices from 15 files
[20:44:36] [Server thread/INFO]: [ServerEssentials] [SellGUI] Loaded 751 sellable items from shop configs
[20:44:36] [Server thread/INFO]: [ServerEssentials] [SellGUI] Manager initialized with 751 sellable items
[20:44:36] [Server thread/INFO]: [ServerEssentials] SellGUI system initialized with 751 items
[20:44:36] [Server thread/INFO]: [ServerEssentials] [Eco] Max transaction amount: 1000000.0
[20:44:36] [Server thread/INFO]: [ServerEssentials] [Eco] Notify target: true
[20:44:36] [Server thread/INFO]: [ServerEssentials] [Eco] Log transactions: true
[20:44:36] [Server thread/INFO]: [ServerEssentials] [CoinFlip] Loaded config: min=1.0, max=10000.0, winChance=50.0%
[20:44:36] [Server thread/INFO]: [ServerEssentials] ✓ Loaded main shop config from file (newer than DB)
[20:44:36] [Server thread/INFO]: [ServerEssentials] ✓ Loaded section 'blocks' from file
[20:44:36] [Server thread/INFO]: [ServerEssentials] ✓ Loaded section 'coloredblocks' from file
[20:44:36] [Server thread/INFO]: [ServerEssentials] ✓ Loaded section 'customsection1' from file
[20:44:36] [Server thread/INFO]: [ServerEssentials] ✓ Loaded section 'customsection2' from file
[20:44:36] [Server thread/INFO]: [ServerEssentials] ✓ Loaded section 'customsection3' from file
[20:44:36] [Server thread/INFO]: [ServerEssentials] ✓ Loaded section 'customsection4' from file
[20:44:36] [Server thread/INFO]: [ServerEssentials] ✓ Loaded section 'customsection5' from file
[20:44:37] [Server thread/INFO]: [ServerEssentials] ✓ Loaded section 'decoration' from file
[20:44:37] [Server thread/INFO]: [ServerEssentials] ✓ Loaded section 'farming' from file
[20:44:37] [Server thread/INFO]: [ServerEssentials] ✓ Loaded section 'food' from file
[20:44:37] [Server thread/INFO]: [ServerEssentials] ✓ Loaded section 'misc' from file
[20:44:37] [Server thread/INFO]: [ServerEssentials] ✓ Loaded section 'mobs' from file
[20:44:37] [Server thread/INFO]: [ServerEssentials] ✓ Loaded section 'ores' from file
[20:44:37] [Server thread/INFO]: [ServerEssentials] ✓ Loaded section 'redstone' from file
[20:44:37] [Server thread/INFO]: [ServerEssentials] ✓ Loaded section 'tools' from file
[20:44:37] [Server thread/INFO]: [ServerEssentials] ✓ Shop configurations loaded successfully
[20:44:37] [Server thread/INFO]: 
[20:44:37] [Server thread/INFO]:              
[20:44:37] [Server thread/INFO]:   ┏━━━┳━━━┓     Server Software: Paper 1.21.1-133-3cb8529 (MC: 1.21.1)
[20:44:37] [Server thread/INFO]:   ┃┏━┓┃┏━━┛     Startup Time:   1968 ms
[20:44:37] [Server thread/INFO]:   ┃┗━━┫┗━━┓     CPU Cores:      12
[20:44:37] [Server thread/INFO]:   ┗━━┓┃┏━━┛     Threads:        77
[20:44:37] [Server thread/INFO]:   ┃┗━┛┃┗━━┓     
[20:44:37] [Server thread/INFO]:   ┗━━━┻━━━┛     ✓ ServerEssentials successfully enabled!
[20:44:37] [Server thread/INFO]: 
[20:44:37] [Server thread/INFO]: [ServerEssentials] First install detected – running commands...
[20:44:37] [Server thread/INFO]: [ServerEssentials] Saved default language file: de.json
[20:44:37] [Server thread/INFO]: [ServerEssentials] Saved default language file: fr.json
[20:44:37] [Server thread/INFO]: [ServerEssentials] Saved default language file: br.json
[20:44:37] [Server thread/WARN]: [ServerEssentials] Could not save config.yml to plugins\ServerEssentials\config.yml because config.yml already exists.
[20:44:37] [Server thread/WARN]: [ServerEssentials] PlaceholderAPI not found! Placeholders won't work.
[20:44:37] [Server thread/INFO]: [spark] Starting background profiler...
[20:44:37] [Server thread/INFO]: [spark] The async-profiler engine is not supported for your os/arch (windows11/amd64), so the built-in Java engine will be used instead.
[20:44:37] [Server thread/INFO]: Done preparing level "world" (14.209s)
[20:44:37] [Server thread/INFO]: Running delayed init tasks
[20:44:37] [Server thread/INFO]: Done (38.114s)! For help, type "help"
[20:44:37] [Server thread/INFO]: *************************************************************************************
[20:44:37] [Server thread/INFO]: This is the first time you're starting this server.
[20:44:37] [Server thread/INFO]: It's recommended you read our 'Getting Started' documentation for guidance.
[20:44:37] [Server thread/INFO]: View this and more helpful information here: https://docs.papermc.io/paper/next-steps
[20:44:37] [Server thread/INFO]: *************************************************************************************
[20:44:37] [Server thread/INFO]: Timings Reset
[20:44:37] [ForkJoinPool.commonPool-worker-6/INFO]: 
[20:44:37] [ForkJoinPool.commonPool-worker-6/INFO]: ================================
[20:44:37] [ForkJoinPool.commonPool-worker-6/INFO]: ServerEssentials - Up To Date
[20:44:37] [ForkJoinPool.commonPool-worker-6/INFO]: --------------------------------
[20:44:37] [ForkJoinPool.commonPool-worker-6/INFO]: Running latest version: 2.0.7.9
[20:44:37] [ForkJoinPool.commonPool-worker-6/INFO]: ================================
[20:44:37] [ForkJoinPool.commonPool-worker-6/INFO]: 
[20:44:38] [Server thread/INFO]: Unknown or incomplete command, see below for error
papi ecloud download Vault<--[HERE]
[20:44:38] [Server thread/WARN]: [ServerEssentials] First-install command failed: papi ecloud download Vault
